<mule xmlns="http://www.mulesoft.org/schema/mule/core"
      xmlns:xsi="http://www.w3.org/2001/XMLSchema-instance"
      xmlns:rabbitmq="http://www.mulesoft.org/schema/mule/rabbitmq"
      xsi:schemaLocation="http://www.mulesoft.org/schema/mule/core http://www.mulesoft.org/schema/mule/core/current/mule.xsd
          http://www.mulesoft.org/schema/mule/rabbitmq http://www.mulesoft.org/schema/mule/rabbitmq/current/mule-rabbitmq.xsd">



</mule>
