<mule xmlns="http://www.mulesoft.org/schema/mule/core"
      xmlns:xsi="http://www.w3.org/2001/XMLSchema-instance"
      xmlns:complex-type-parameter="http://www.mulesoft.org/schema/mule/complex-type-parameter"
      xsi:schemaLocation="http://www.mulesoft.org/schema/mule/core http://www.mulesoft.org/schema/mule/core/current/mule.xsd
          http://www.mulesoft.org/schema/mule/complex-type-parameter http://www.mulesoft.org/schema/mule/complex-type-parameter/current/mule-complex-type-parameter.xsd">
<!--
    <complex-type-parameter:config name="config" configId="configId">
        <complex-type-parameter:connection requiredParameter="aValue" />
    </complex-type-parameter:config>

    <flow name="sayHiFlow">
        <complex-type-parameter:say-hi person="Mariano Gonzalez"/>
    </flow>
 
    <flow name="retrieveInfoFlow">
        <complex-type-parameter:retrieve-info config-ref="config"/>
    </flow> -->

</mule>
