<mule xmlns="http://www.mulesoft.org/schema/mule/core"
      xmlns:xsi="http://www.w3.org/2001/XMLSchema-instance"
      xmlns:content-parameter="http://www.mulesoft.org/schema/mule/content-parameter"
      xsi:schemaLocation="http://www.mulesoft.org/schema/mule/core http://www.mulesoft.org/schema/mule/core/current/mule.xsd
          http://www.mulesoft.org/schema/mule/content-parameter http://www.mulesoft.org/schema/mule/content-parameter/current/mule-content-parameter.xsd">

<!--     <content-parameter:config name="config" configId="configId">
        <content-parameter:connection requiredParameter="aValue" />
    </content-parameter:config>

    <flow name="sayHiFlow">
        <content-parameter:say-hi person="Mariano Gonzalez"/>
    </flow>

    <flow name="retrieveInfoFlow">
        <content-parameter:retrieve-info config-ref="config"/>
    </flow> -->

</mule>
