<mule xmlns="http://www.mulesoft.org/schema/mule/core"
      xmlns:xsi="http://www.w3.org/2001/XMLSchema-instance"
      xmlns:calculator111="http://www.mulesoft.org/schema/mule/calculator111"
      xsi:schemaLocation="http://www.mulesoft.org/schema/mule/core http://www.mulesoft.org/schema/mule/core/current/mule.xsd
          http://www.mulesoft.org/schema/mule/calculator111 http://www.mulesoft.org/schema/mule/calculator111/current/mule-calculator111.xsd">

    <calculator111:config name="config" configId="configId">
        <calculator111:connection requiredParameter="aValue" />
    </calculator111:config>

    <flow name="sayHiFlow">
        <calculator111:say-hi person="Mariano Gonzalez"/>
    </flow>

    <flow name="retrieveInfoFlow">
        <calculator111:retrieve-info config-ref="config"/>
    </flow>

</mule>
