<mule xmlns="http://www.mulesoft.org/schema/mule/core"
      xmlns:xsi="http://www.w3.org/2001/XMLSchema-instance"
      xmlns:calculator110="http://www.mulesoft.org/schema/mule/calculator110"
      xsi:schemaLocation="http://www.mulesoft.org/schema/mule/core http://www.mulesoft.org/schema/mule/core/current/mule.xsd
          http://www.mulesoft.org/schema/mule/calculator110 http://www.mulesoft.org/schema/mule/calculator110/current/mule-calculator110.xsd">

    <calculator110:config name="config" configId="configId">
        <calculator110:connection requiredParameter="aValue" />
    </calculator110:config>

    <flow name="sayHiFlow">
        <calculator110:say-hi person="Mariano Gonzalez"/>
    </flow>

    <flow name="retrieveInfoFlow">
        <calculator110:retrieve-info config-ref="config"/>
    </flow>

</mule>
