<?xml version="1.0" encoding="UTF-8"?>
<testsuite xmlns:xsi="http://www.w3.org/2001/XMLSchema-instance" xsi:noNamespaceSchemaLocation="https://maven.apache.org/surefire/maven-surefire-plugin/xsd/surefire-test-report.xsd" name="com.laxtech.extn.calc110.Calculator110OperationsTestCase" time="64.766" tests="2" errors="0" skipped="0" failures="0">
  <properties>
    <property name="sun.desktop" value="windows"/>
    <property name="awt.toolkit" value="sun.awt.windows.WToolkit"/>
    <property name="file.encoding.pkg" value="sun.io"/>
    <property name="java.specification.version" value="1.8"/>
    <property name="sun.cpu.isalist" value="amd64"/>
    <property name="sun.jnu.encoding" value="Cp1252"/>
    <property name="java.class.path" value="F:\projects\mulesoft\mule\sdk-extn\calculator110\target\test-classes;F:\projects\mulesoft\mule\sdk-extn\calculator110\target\classes;F:\apps\maven\repository\org\mule\runtime\mule-extensions-api\1.1.0\mule-extensions-api-1.1.0.jar;F:\apps\maven\repository\com\google\guava\guava\23.5-jre\guava-23.5-jre.jar;F:\apps\maven\repository\com\google\code\findbugs\jsr305\1.3.9\jsr305-1.3.9.jar;F:\apps\maven\repository\org\checkerframework\checker-qual\2.0.0\checker-qual-2.0.0.jar;F:\apps\maven\repository\com\google\errorprone\error_prone_annotations\2.0.18\error_prone_annotations-2.0.18.jar;F:\apps\maven\repository\com\google\j2objc\j2objc-annotations\1.1\j2objc-annotations-1.1.jar;F:\apps\maven\repository\org\codehaus\mojo\animal-sniffer-annotations\1.14\animal-sniffer-annotations-1.14.jar;F:\apps\maven\repository\org\reactivestreams\reactive-streams\1.0.2\reactive-streams-1.0.2.jar;F:\apps\maven\repository\org\mule\runtime\mule-api\1.1.0\mule-api-1.1.0.jar;F:\apps\maven\repository\org\mule\runtime\mule-metadata-model-api\1.1.0\mule-metadata-model-api-1.1.0.jar;F:\apps\maven\repository\org\apache\commons\commons-lang3\3.6\commons-lang3-3.6.jar;F:\apps\maven\repository\org\slf4j\slf4j-api\1.7.25\slf4j-api-1.7.25.jar;F:\apps\maven\repository\com\google\code\gson\gson\2.8.1\gson-2.8.1.jar;F:\apps\maven\repository\javax\inject\javax.inject\1\javax.inject-1.jar;F:\apps\maven\repository\org\mule\runtime\mule-artifact-declaration\1.1.0\mule-artifact-declaration-1.1.0.jar;F:\apps\maven\repository\org\mule\runtime\api-annotations\1.0.0\api-annotations-1.0.0.jar;F:\apps\maven\repository\org\mule\runtime\mule-core\4.1.0\mule-core-4.1.0.jar;F:\apps\maven\repository\org\mule\runtime\mule-module-dsl-api\1.1.0\mule-module-dsl-api-1.1.0.jar;F:\apps\maven\repository\org\mule\runtime\mule-module-http-policy-api\1.1.0\mule-module-http-policy-api-1.1.0.jar;F:\apps\maven\repository\org\mule\runtime\mule-module-policy-api\1.1.0\mule-module-policy-api-1.1.0.jar;F:\apps\maven\repository\org\mule\runtime\mule-message-metadata-model\1.1.0\mule-message-metadata-model-1.1.0.jar;F:\apps\maven\repository\commons-beanutils\commons-beanutils\1.9.3\commons-beanutils-1.9.3.jar;F:\apps\maven\repository\com\github\stephenc\eaio-uuid\uuid\3.4.0\uuid-3.4.0.jar;F:\apps\maven\repository\com\github\stephenc\eaio-grabbag\grabbag\1.8.1\grabbag-1.8.1.jar;F:\apps\maven\repository\commons-cli\commons-cli\1.2\commons-cli-1.2.jar;F:\apps\maven\repository\commons-collections\commons-collections\3.2.2\commons-collections-3.2.2.jar;F:\apps\maven\repository\commons-io\commons-io\2.4\commons-io-2.4.jar;F:\apps\maven\repository\commons-pool\commons-pool\1.6\commons-pool-1.6.jar;F:\apps\maven\repository\javax\transaction\javax.transaction-api\1.2\javax.transaction-api-1.2.jar;F:\apps\maven\repository\org\apache\geronimo\specs\geronimo-j2ee-connector_1.5_spec\2.0.0\geronimo-j2ee-connector_1.5_spec-2.0.0.jar;F:\apps\maven\repository\org\mule\mvel\mule-mvel2\2.1.9-MULE-015\mule-mvel2-2.1.9-MULE-015.jar;F:\apps\maven\repository\org\jgrapht\jgrapht-jdk1.5\0.7.3\jgrapht-jdk1.5-0.7.3.jar;F:\apps\maven\repository\org\reflections\reflections\0.9.10\reflections-0.9.10.jar;F:\apps\maven\repository\io\projectreactor\reactor-core\3.2.0.M1\reactor-core-3.2.0.M1.jar;F:\apps\maven\repository\io\projectreactor\addons\reactor-extra\3.1.2.RELEASE\reactor-extra-3.1.2.RELEASE.jar;F:\apps\maven\repository\org\yaml\snakeyaml\1.18\snakeyaml-1.18.jar;F:\apps\maven\repository\cglib\cglib-nodep\3.2.5\cglib-nodep-3.2.5.jar;F:\apps\maven\repository\org\apache\commons\commons-pool2\2.4.2\commons-pool2-2.4.2.jar;F:\apps\maven\repository\javax\jms\javax.jms-api\2.0.1\javax.jms-api-2.0.1.jar;F:\apps\maven\repository\org\mule\runtime\mule-module-extensions-spring-support\4.1.0\mule-module-extensions-spring-support-4.1.0.jar;F:\apps\maven\repository\org\mule\runtime\mule-module-spring-config\4.1.0\mule-module-spring-config-4.1.0.jar;F:\apps\maven\repository\org\mule\runtime\mule-module-artifact\4.1.0\mule-module-artifact-4.1.0.jar;F:\apps\maven\repository\org\springframework\spring-context\4.1.9.RELEASE\spring-context-4.1.9.RELEASE.jar;F:\apps\maven\repository\org\springframework\spring-beans\4.1.9.RELEASE\spring-beans-4.1.9.RELEASE.jar;F:\apps\maven\repository\org\springframework\spring-core\4.1.9.RELEASE\spring-core-4.1.9.RELEASE.jar;F:\apps\maven\repository\org\springframework\spring-expression\4.1.9.RELEASE\spring-expression-4.1.9.RELEASE.jar;F:\apps\maven\repository\org\springframework\spring-aop\4.1.9.RELEASE\spring-aop-4.1.9.RELEASE.jar;F:\apps\maven\repository\aopalliance\aopalliance\1.0\aopalliance-1.0.jar;F:\apps\maven\repository\org\mule\runtime\mule-module-extensions-support\4.1.0\mule-module-extensions-support-4.1.0.jar;F:\apps\maven\repository\org\mule\runtime\mule-extensions-api-dsql\1.1.0\mule-extensions-api-dsql-1.1.0.jar;F:\apps\maven\repository\org\antlr\antlr-runtime\3.5\antlr-runtime-3.5.jar;F:\apps\maven\repository\org\antlr\stringtemplate\3.2.1\stringtemplate-3.2.1.jar;F:\apps\maven\repository\org\mule\runtime\mule-extensions-api-persistence\1.1.0\mule-extensions-api-persistence-1.1.0.jar;F:\apps\maven\repository\org\mule\runtime\mule-metadata-model-persistence\1.1.0\mule-metadata-model-persistence-1.1.0.jar;F:\apps\maven\repository\org\mule\runtime\mule-service-oauth-api\4.1.0\mule-service-oauth-api-4.1.0.jar;F:\apps\maven\repository\org\mule\runtime\mule-module-extensions-soap-support\4.1.0\mule-module-extensions-soap-support-4.1.0.jar;F:\apps\maven\repository\org\mule\runtime\mule-extensions-soap-api\1.1.0\mule-extensions-soap-api-1.1.0.jar;F:\apps\maven\repository\org\mule\runtime\mule-service-soap-api\4.1.0\mule-service-soap-api-4.1.0.jar;F:\apps\maven\repository\org\mule\runtime\mule-service-http-api\4.1.0\mule-service-http-api-4.1.0.jar;F:\apps\maven\repository\org\mule\runtime\mule-module-tls\4.1.0\mule-module-tls-4.1.0.jar;F:\apps\maven\repository\jboss\javassist\3.7.ga\javassist-3.7.ga.jar;F:\apps\maven\repository\joda-time\joda-time\2.9.1\joda-time-2.9.1.jar;F:\apps\maven\repository\dom4j\dom4j\1.6.1\dom4j-1.6.1.jar;F:\apps\maven\repository\jaxen\jaxen\1.1.1\jaxen-1.1.1.jar;F:\apps\maven\repository\org\mule\runtime\mule-extension-ast-loader\1.0.0\mule-extension-ast-loader-1.0.0.jar;F:\apps\maven\repository\org\mule\runtime\mule-metadata-model-java-ast\1.1.0\mule-metadata-model-java-ast-1.1.0.jar;F:\apps\maven\repository\org\mule\runtime\mule-metadata-model-xml\1.1.0\mule-metadata-model-xml-1.1.0.jar;F:\apps\maven\repository\org\apache\xmlbeans\xmlbeans\2.6.0\xmlbeans-2.6.0.jar;F:\apps\maven\repository\org\mule\apache\xerces2-xsd11\2.11.3\xerces2-xsd11-2.11.3.jar;F:\apps\maven\repository\org\mule\runtime\mule-metadata-model-java\1.1.0\mule-metadata-model-java-1.1.0.jar;F:\apps\maven\repository\org\mule\runtime\mule-metadata-model-json\1.1.0\mule-metadata-model-json-1.1.0.jar;F:\apps\maven\repository\org\everit\json\org.everit.json.schema\1.5.0\org.everit.json.schema-1.5.0.jar;F:\apps\maven\repository\org\json\json\20160810\json-20160810.jar;F:\apps\maven\repository\commons-validator\commons-validator\1.5.1\commons-validator-1.5.1.jar;F:\apps\maven\repository\commons-digester\commons-digester\1.8.1\commons-digester-1.8.1.jar;F:\apps\maven\repository\commons-logging\commons-logging\1.2\commons-logging-1.2.jar;F:\apps\maven\repository\org\mule\runtime\mule-module-service\4.1.0\mule-module-service-4.1.0.jar;F:\apps\maven\repository\org\mule\runtime\mule-module-container\4.1.0\mule-module-container-4.1.0.jar;F:\apps\maven\repository\org\mule\runtime\mule-module-deployment-model\4.1.0\mule-module-deployment-model-4.1.0.jar;F:\apps\maven\repository\org\mule\runtime\mule-module-reboot\4.1.0\mule-module-reboot-4.1.0.jar;F:\apps\maven\repository\tanukisoft\wrapper\3.2.3\wrapper-3.2.3.jar;F:\apps\maven\repository\org\mule\tools\maven\mule-classloader-model\3.1.0\mule-classloader-model-3.1.0.jar;F:\apps\maven\repository\org\mule\services\mule-service-weave\2.1.0\mule-service-weave-2.1.0-mule-service.jar;F:\apps\maven\repository\org\scala-lang\scala-library\2.12.4\scala-library-2.12.4.jar;F:\apps\maven\repository\org\mule\weave\runtime\2.1.0\runtime-2.1.0.jar;F:\apps\maven\repository\org\mule\weave\wlang\2.1.0\wlang-2.1.0.jar;F:\apps\maven\repository\org\mule\weave\core\2.1.0\core-2.1.0.jar;F:\apps\maven\repository\org\mule\weave\parser\2.1.0\parser-2.1.0.jar;F:\apps\maven\repository\org\parboiled\parboiled_2.12\2.1.4\parboiled_2.12-2.1.4.jar;F:\apps\maven\repository\com\chuusai\shapeless_2.12\2.3.2\shapeless_2.12-2.3.2.jar;F:\apps\maven\repository\org\typelevel\macro-compat_2.12\1.1.1\macro-compat_2.12-1.1.1.jar;F:\apps\maven\repository\org\typelevel\spire_2.12\0.14.1\spire_2.12-0.14.1.jar;F:\apps\maven\repository\org\typelevel\spire-macros_2.12\0.14.1\spire-macros_2.12-0.14.1.jar;F:\apps\maven\repository\org\typelevel\machinist_2.12\0.6.1\machinist_2.12-0.6.1.jar;F:\apps\maven\repository\org\scala-lang\scala-reflect\2.12.0\scala-reflect-2.12.0.jar;F:\apps\maven\repository\org\typelevel\algebra_2.12\0.7.0\algebra_2.12-0.7.0.jar;F:\apps\maven\repository\org\typelevel\cats-kernel_2.12\0.9.0\cats-kernel_2.12-0.9.0.jar;F:\apps\maven\repository\org\mule\weave\core-modules\2.1.0\core-modules-2.1.0.jar;F:\apps\maven\repository\com\fasterxml\woodstox\woodstox-core\5.0.2\woodstox-core-5.0.2.jar;F:\apps\maven\repository\org\codehaus\woodstox\stax2-api\3.1.4\stax2-api-3.1.4.jar;F:\apps\maven\repository\com\fasterxml\aalto-xml\1.0.0\aalto-xml-1.0.0.jar;F:\apps\maven\repository\javax\mail\mail\1.4.7\mail-1.4.7.jar;F:\apps\maven\repository\javax\activation\activation\1.1\activation-1.1.jar;F:\apps\maven\repository\org\mule\weave\debugger\2.1.0\debugger-2.1.0.jar;F:\apps\maven\repository\org\mule\weave\yaml-module\2.1.0\yaml-module-2.1.0.jar;F:\apps\maven\repository\org\mule\syaml\syaml_2.12\0.0.10\syaml_2.12-0.0.10.jar;F:\apps\maven\repository\org\mule\common\scala-common_2.12\0.1.2\scala-common_2.12-0.1.2.jar;F:\apps\maven\repository\org\scalactic\scalactic_2.12\3.0.1\scalactic_2.12-3.0.1.jar;F:\apps\maven\repository\org\mule\tests\plugin\mule-tests-component-plugin\4.1.0\mule-tests-component-plugin-4.1.0-mule-plugin.jar;F:\apps\maven\repository\org\mule\tests\plugin\mule-core-deprecated-schema-plugin\4.1.0\mule-core-deprecated-schema-plugin-4.1.0-mule-plugin.jar;F:\apps\maven\repository\org\mule\tests\mule-tests-functional\4.1.0\mule-tests-functional-4.1.0.jar;F:\apps\maven\repository\org\mule\runtime\mule-module-service\4.1.0\mule-module-service-4.1.0-tests.jar;F:\apps\maven\repository\org\mule\runtime\mule-module-artifact\4.1.0\mule-module-artifact-4.1.0-tests.jar;F:\apps\maven\repository\org\mule\tests\mule-tests-model\4.1.0\mule-tests-model-4.1.0.jar;F:\apps\maven\repository\org\mule\tests\mule-tests-runner\4.1.0\mule-tests-runner-4.1.0.jar;F:\apps\maven\repository\org\mule\mule-maven-client-api\1.1.0\mule-maven-client-api-1.1.0.jar;F:\apps\maven\repository\org\apache\maven\maven-model\3.3.9\maven-model-3.3.9.jar;F:\apps\maven\repository\org\codehaus\plexus\plexus-utils\3.0.24\plexus-utils-3.0.24.jar;F:\apps\maven\repository\org\mule\mule-maven-client-impl\1.1.0\mule-maven-client-impl-1.1.0.jar;F:\apps\maven\repository\com\vdurmont\semver4j\2.0.3\semver4j-2.0.3.jar;F:\apps\maven\repository\org\eclipse\aether\aether-api\1.0.2.v20150114\aether-api-1.0.2.v20150114.jar;F:\apps\maven\repository\org\eclipse\aether\aether-util\1.0.2.v20150114\aether-util-1.0.2.v20150114.jar;F:\apps\maven\repository\org\eclipse\aether\aether-connector-basic\1.0.2.v20150114\aether-connector-basic-1.0.2.v20150114.jar;F:\apps\maven\repository\org\eclipse\aether\aether-spi\1.0.2.v20150114\aether-spi-1.0.2.v20150114.jar;F:\apps\maven\repository\org\eclipse\aether\aether-transport-file\1.0.2.v20150114\aether-transport-file-1.0.2.v20150114.jar;F:\apps\maven\repository\org\eclipse\aether\aether-transport-http\1.0.2.v20150114\aether-transport-http-1.0.2.v20150114.jar;F:\apps\maven\repository\org\apache\httpcomponents\httpclient\4.5.4\httpclient-4.5.4.jar;F:\apps\maven\repository\org\apache\httpcomponents\httpcore\4.4.7\httpcore-4.4.7.jar;F:\apps\maven\repository\commons-codec\commons-codec\1.10\commons-codec-1.10.jar;F:\apps\maven\repository\org\apache\maven\maven-settings-builder\3.3.9\maven-settings-builder-3.3.9.jar;F:\apps\maven\repository\org\apache\maven\maven-builder-support\3.3.9\maven-builder-support-3.3.9.jar;F:\apps\maven\repository\org\codehaus\plexus\plexus-interpolation\1.21\plexus-interpolation-1.21.jar;F:\apps\maven\repository\org\codehaus\plexus\plexus-component-annotations\1.6\plexus-component-annotations-1.6.jar;F:\apps\maven\repository\org\apache\maven\maven-settings\3.3.9\maven-settings-3.3.9.jar;F:\apps\maven\repository\org\sonatype\plexus\plexus-sec-dispatcher\1.3\plexus-sec-dispatcher-1.3.jar;F:\apps\maven\repository\org\sonatype\plexus\plexus-cipher\1.4\plexus-cipher-1.4.jar;F:\apps\maven\repository\org\apache\maven\maven-aether-provider\3.3.9\maven-aether-provider-3.3.9.jar;F:\apps\maven\repository\org\apache\maven\maven-model-builder\3.3.9\maven-model-builder-3.3.9.jar;F:\apps\maven\repository\org\apache\maven\maven-artifact\3.3.9\maven-artifact-3.3.9.jar;F:\apps\maven\repository\org\apache\maven\maven-repository-metadata\3.3.9\maven-repository-metadata-3.3.9.jar;F:\apps\maven\repository\org\eclipse\aether\aether-impl\1.0.2.v20150114\aether-impl-1.0.2.v20150114.jar;F:\apps\maven\repository\com\beust\jcommander\1.69\jcommander-1.69.jar;F:\apps\maven\repository\junit\junit\4.12\junit-4.12.jar;F:\apps\maven\repository\org\mule\tests\mule-tests-unit\4.1.0\mule-tests-unit-4.1.0.jar;F:\apps\maven\repository\org\mule\runtime\mule-module-logging\4.1.0\mule-module-logging-4.1.0.jar;F:\apps\maven\repository\com\lmax\disruptor\3.3.7\disruptor-3.3.7.jar;F:\apps\maven\repository\org\apache\logging\log4j\log4j-api\2.10.0\log4j-api-2.10.0.jar;F:\apps\maven\repository\org\apache\logging\log4j\log4j-core\2.10.0\log4j-core-2.10.0.jar;F:\apps\maven\repository\org\apache\logging\log4j\log4j-slf4j-impl\2.10.0\log4j-slf4j-impl-2.10.0.jar;F:\apps\maven\repository\org\apache\logging\log4j\log4j-1.2-api\2.10.0\log4j-1.2-api-2.10.0.jar;F:\apps\maven\repository\org\slf4j\jcl-over-slf4j\1.7.25\jcl-over-slf4j-1.7.25.jar;F:\apps\maven\repository\org\slf4j\jul-to-slf4j\1.7.25\jul-to-slf4j-1.7.25.jar;F:\apps\maven\repository\org\mockito\mockito-core\1.10.19\mockito-core-1.10.19.jar;F:\apps\maven\repository\org\objenesis\objenesis\2.1\objenesis-2.1.jar;F:\apps\maven\repository\org\hamcrest\hamcrest-library\1.3\hamcrest-library-1.3.jar;F:\apps\maven\repository\org\hamcrest\hamcrest-core\1.3\hamcrest-core-1.3.jar;"/>
    <property name="java.vm.vendor" value="Oracle Corporation"/>
    <property name="sun.arch.data.model" value="64"/>
    <property name="user.variant" value=""/>
    <property name="java.vendor.url" value="http://java.oracle.com/"/>
    <property name="user.timezone" value="Asia/Calcutta"/>
    <property name="java.vm.specification.version" value="1.8"/>
    <property name="os.name" value="Windows 8.1"/>
    <property name="user.country" value="US"/>
    <property name="sun.java.launcher" value="SUN_STANDARD"/>
    <property name="sun.boot.library.path" value="C:\Program Files\Java\jdk1.8.0_144\jre\bin"/>
    <property name="sun.java.command" value="C:\Users\sanjeev\AppData\Local\Temp\surefire7831478843015095234\surefirebooter2085572782718320700.jar C:\Users\sanjeev\AppData\Local\Temp\surefire7831478843015095234 2018-10-29T11-34-58_960-jvmRun1 surefire6089239646079397440tmp surefire_02940912186591247196tmp"/>
    <property name="surefire.test.class.path" value="F:\projects\mulesoft\mule\sdk-extn\calculator110\target\test-classes;F:\projects\mulesoft\mule\sdk-extn\calculator110\target\classes;F:\apps\maven\repository\org\mule\runtime\mule-extensions-api\1.1.0\mule-extensions-api-1.1.0.jar;F:\apps\maven\repository\com\google\guava\guava\23.5-jre\guava-23.5-jre.jar;F:\apps\maven\repository\com\google\code\findbugs\jsr305\1.3.9\jsr305-1.3.9.jar;F:\apps\maven\repository\org\checkerframework\checker-qual\2.0.0\checker-qual-2.0.0.jar;F:\apps\maven\repository\com\google\errorprone\error_prone_annotations\2.0.18\error_prone_annotations-2.0.18.jar;F:\apps\maven\repository\com\google\j2objc\j2objc-annotations\1.1\j2objc-annotations-1.1.jar;F:\apps\maven\repository\org\codehaus\mojo\animal-sniffer-annotations\1.14\animal-sniffer-annotations-1.14.jar;F:\apps\maven\repository\org\reactivestreams\reactive-streams\1.0.2\reactive-streams-1.0.2.jar;F:\apps\maven\repository\org\mule\runtime\mule-api\1.1.0\mule-api-1.1.0.jar;F:\apps\maven\repository\org\mule\runtime\mule-metadata-model-api\1.1.0\mule-metadata-model-api-1.1.0.jar;F:\apps\maven\repository\org\apache\commons\commons-lang3\3.6\commons-lang3-3.6.jar;F:\apps\maven\repository\org\slf4j\slf4j-api\1.7.25\slf4j-api-1.7.25.jar;F:\apps\maven\repository\com\google\code\gson\gson\2.8.1\gson-2.8.1.jar;F:\apps\maven\repository\javax\inject\javax.inject\1\javax.inject-1.jar;F:\apps\maven\repository\org\mule\runtime\mule-artifact-declaration\1.1.0\mule-artifact-declaration-1.1.0.jar;F:\apps\maven\repository\org\mule\runtime\api-annotations\1.0.0\api-annotations-1.0.0.jar;F:\apps\maven\repository\org\mule\runtime\mule-core\4.1.0\mule-core-4.1.0.jar;F:\apps\maven\repository\org\mule\runtime\mule-module-dsl-api\1.1.0\mule-module-dsl-api-1.1.0.jar;F:\apps\maven\repository\org\mule\runtime\mule-module-http-policy-api\1.1.0\mule-module-http-policy-api-1.1.0.jar;F:\apps\maven\repository\org\mule\runtime\mule-module-policy-api\1.1.0\mule-module-policy-api-1.1.0.jar;F:\apps\maven\repository\org\mule\runtime\mule-message-metadata-model\1.1.0\mule-message-metadata-model-1.1.0.jar;F:\apps\maven\repository\commons-beanutils\commons-beanutils\1.9.3\commons-beanutils-1.9.3.jar;F:\apps\maven\repository\com\github\stephenc\eaio-uuid\uuid\3.4.0\uuid-3.4.0.jar;F:\apps\maven\repository\com\github\stephenc\eaio-grabbag\grabbag\1.8.1\grabbag-1.8.1.jar;F:\apps\maven\repository\commons-cli\commons-cli\1.2\commons-cli-1.2.jar;F:\apps\maven\repository\commons-collections\commons-collections\3.2.2\commons-collections-3.2.2.jar;F:\apps\maven\repository\commons-io\commons-io\2.4\commons-io-2.4.jar;F:\apps\maven\repository\commons-pool\commons-pool\1.6\commons-pool-1.6.jar;F:\apps\maven\repository\javax\transaction\javax.transaction-api\1.2\javax.transaction-api-1.2.jar;F:\apps\maven\repository\org\apache\geronimo\specs\geronimo-j2ee-connector_1.5_spec\2.0.0\geronimo-j2ee-connector_1.5_spec-2.0.0.jar;F:\apps\maven\repository\org\mule\mvel\mule-mvel2\2.1.9-MULE-015\mule-mvel2-2.1.9-MULE-015.jar;F:\apps\maven\repository\org\jgrapht\jgrapht-jdk1.5\0.7.3\jgrapht-jdk1.5-0.7.3.jar;F:\apps\maven\repository\org\reflections\reflections\0.9.10\reflections-0.9.10.jar;F:\apps\maven\repository\io\projectreactor\reactor-core\3.2.0.M1\reactor-core-3.2.0.M1.jar;F:\apps\maven\repository\io\projectreactor\addons\reactor-extra\3.1.2.RELEASE\reactor-extra-3.1.2.RELEASE.jar;F:\apps\maven\repository\org\yaml\snakeyaml\1.18\snakeyaml-1.18.jar;F:\apps\maven\repository\cglib\cglib-nodep\3.2.5\cglib-nodep-3.2.5.jar;F:\apps\maven\repository\org\apache\commons\commons-pool2\2.4.2\commons-pool2-2.4.2.jar;F:\apps\maven\repository\javax\jms\javax.jms-api\2.0.1\javax.jms-api-2.0.1.jar;F:\apps\maven\repository\org\mule\runtime\mule-module-extensions-spring-support\4.1.0\mule-module-extensions-spring-support-4.1.0.jar;F:\apps\maven\repository\org\mule\runtime\mule-module-spring-config\4.1.0\mule-module-spring-config-4.1.0.jar;F:\apps\maven\repository\org\mule\runtime\mule-module-artifact\4.1.0\mule-module-artifact-4.1.0.jar;F:\apps\maven\repository\org\springframework\spring-context\4.1.9.RELEASE\spring-context-4.1.9.RELEASE.jar;F:\apps\maven\repository\org\springframework\spring-beans\4.1.9.RELEASE\spring-beans-4.1.9.RELEASE.jar;F:\apps\maven\repository\org\springframework\spring-core\4.1.9.RELEASE\spring-core-4.1.9.RELEASE.jar;F:\apps\maven\repository\org\springframework\spring-expression\4.1.9.RELEASE\spring-expression-4.1.9.RELEASE.jar;F:\apps\maven\repository\org\springframework\spring-aop\4.1.9.RELEASE\spring-aop-4.1.9.RELEASE.jar;F:\apps\maven\repository\aopalliance\aopalliance\1.0\aopalliance-1.0.jar;F:\apps\maven\repository\org\mule\runtime\mule-module-extensions-support\4.1.0\mule-module-extensions-support-4.1.0.jar;F:\apps\maven\repository\org\mule\runtime\mule-extensions-api-dsql\1.1.0\mule-extensions-api-dsql-1.1.0.jar;F:\apps\maven\repository\org\antlr\antlr-runtime\3.5\antlr-runtime-3.5.jar;F:\apps\maven\repository\org\antlr\stringtemplate\3.2.1\stringtemplate-3.2.1.jar;F:\apps\maven\repository\org\mule\runtime\mule-extensions-api-persistence\1.1.0\mule-extensions-api-persistence-1.1.0.jar;F:\apps\maven\repository\org\mule\runtime\mule-metadata-model-persistence\1.1.0\mule-metadata-model-persistence-1.1.0.jar;F:\apps\maven\repository\org\mule\runtime\mule-service-oauth-api\4.1.0\mule-service-oauth-api-4.1.0.jar;F:\apps\maven\repository\org\mule\runtime\mule-module-extensions-soap-support\4.1.0\mule-module-extensions-soap-support-4.1.0.jar;F:\apps\maven\repository\org\mule\runtime\mule-extensions-soap-api\1.1.0\mule-extensions-soap-api-1.1.0.jar;F:\apps\maven\repository\org\mule\runtime\mule-service-soap-api\4.1.0\mule-service-soap-api-4.1.0.jar;F:\apps\maven\repository\org\mule\runtime\mule-service-http-api\4.1.0\mule-service-http-api-4.1.0.jar;F:\apps\maven\repository\org\mule\runtime\mule-module-tls\4.1.0\mule-module-tls-4.1.0.jar;F:\apps\maven\repository\jboss\javassist\3.7.ga\javassist-3.7.ga.jar;F:\apps\maven\repository\joda-time\joda-time\2.9.1\joda-time-2.9.1.jar;F:\apps\maven\repository\dom4j\dom4j\1.6.1\dom4j-1.6.1.jar;F:\apps\maven\repository\jaxen\jaxen\1.1.1\jaxen-1.1.1.jar;F:\apps\maven\repository\org\mule\runtime\mule-extension-ast-loader\1.0.0\mule-extension-ast-loader-1.0.0.jar;F:\apps\maven\repository\org\mule\runtime\mule-metadata-model-java-ast\1.1.0\mule-metadata-model-java-ast-1.1.0.jar;F:\apps\maven\repository\org\mule\runtime\mule-metadata-model-xml\1.1.0\mule-metadata-model-xml-1.1.0.jar;F:\apps\maven\repository\org\apache\xmlbeans\xmlbeans\2.6.0\xmlbeans-2.6.0.jar;F:\apps\maven\repository\org\mule\apache\xerces2-xsd11\2.11.3\xerces2-xsd11-2.11.3.jar;F:\apps\maven\repository\org\mule\runtime\mule-metadata-model-java\1.1.0\mule-metadata-model-java-1.1.0.jar;F:\apps\maven\repository\org\mule\runtime\mule-metadata-model-json\1.1.0\mule-metadata-model-json-1.1.0.jar;F:\apps\maven\repository\org\everit\json\org.everit.json.schema\1.5.0\org.everit.json.schema-1.5.0.jar;F:\apps\maven\repository\org\json\json\20160810\json-20160810.jar;F:\apps\maven\repository\commons-validator\commons-validator\1.5.1\commons-validator-1.5.1.jar;F:\apps\maven\repository\commons-digester\commons-digester\1.8.1\commons-digester-1.8.1.jar;F:\apps\maven\repository\commons-logging\commons-logging\1.2\commons-logging-1.2.jar;F:\apps\maven\repository\org\mule\runtime\mule-module-service\4.1.0\mule-module-service-4.1.0.jar;F:\apps\maven\repository\org\mule\runtime\mule-module-container\4.1.0\mule-module-container-4.1.0.jar;F:\apps\maven\repository\org\mule\runtime\mule-module-deployment-model\4.1.0\mule-module-deployment-model-4.1.0.jar;F:\apps\maven\repository\org\mule\runtime\mule-module-reboot\4.1.0\mule-module-reboot-4.1.0.jar;F:\apps\maven\repository\tanukisoft\wrapper\3.2.3\wrapper-3.2.3.jar;F:\apps\maven\repository\org\mule\tools\maven\mule-classloader-model\3.1.0\mule-classloader-model-3.1.0.jar;F:\apps\maven\repository\org\mule\services\mule-service-weave\2.1.0\mule-service-weave-2.1.0-mule-service.jar;F:\apps\maven\repository\org\scala-lang\scala-library\2.12.4\scala-library-2.12.4.jar;F:\apps\maven\repository\org\mule\weave\runtime\2.1.0\runtime-2.1.0.jar;F:\apps\maven\repository\org\mule\weave\wlang\2.1.0\wlang-2.1.0.jar;F:\apps\maven\repository\org\mule\weave\core\2.1.0\core-2.1.0.jar;F:\apps\maven\repository\org\mule\weave\parser\2.1.0\parser-2.1.0.jar;F:\apps\maven\repository\org\parboiled\parboiled_2.12\2.1.4\parboiled_2.12-2.1.4.jar;F:\apps\maven\repository\com\chuusai\shapeless_2.12\2.3.2\shapeless_2.12-2.3.2.jar;F:\apps\maven\repository\org\typelevel\macro-compat_2.12\1.1.1\macro-compat_2.12-1.1.1.jar;F:\apps\maven\repository\org\typelevel\spire_2.12\0.14.1\spire_2.12-0.14.1.jar;F:\apps\maven\repository\org\typelevel\spire-macros_2.12\0.14.1\spire-macros_2.12-0.14.1.jar;F:\apps\maven\repository\org\typelevel\machinist_2.12\0.6.1\machinist_2.12-0.6.1.jar;F:\apps\maven\repository\org\scala-lang\scala-reflect\2.12.0\scala-reflect-2.12.0.jar;F:\apps\maven\repository\org\typelevel\algebra_2.12\0.7.0\algebra_2.12-0.7.0.jar;F:\apps\maven\repository\org\typelevel\cats-kernel_2.12\0.9.0\cats-kernel_2.12-0.9.0.jar;F:\apps\maven\repository\org\mule\weave\core-modules\2.1.0\core-modules-2.1.0.jar;F:\apps\maven\repository\com\fasterxml\woodstox\woodstox-core\5.0.2\woodstox-core-5.0.2.jar;F:\apps\maven\repository\org\codehaus\woodstox\stax2-api\3.1.4\stax2-api-3.1.4.jar;F:\apps\maven\repository\com\fasterxml\aalto-xml\1.0.0\aalto-xml-1.0.0.jar;F:\apps\maven\repository\javax\mail\mail\1.4.7\mail-1.4.7.jar;F:\apps\maven\repository\javax\activation\activation\1.1\activation-1.1.jar;F:\apps\maven\repository\org\mule\weave\debugger\2.1.0\debugger-2.1.0.jar;F:\apps\maven\repository\org\mule\weave\yaml-module\2.1.0\yaml-module-2.1.0.jar;F:\apps\maven\repository\org\mule\syaml\syaml_2.12\0.0.10\syaml_2.12-0.0.10.jar;F:\apps\maven\repository\org\mule\common\scala-common_2.12\0.1.2\scala-common_2.12-0.1.2.jar;F:\apps\maven\repository\org\scalactic\scalactic_2.12\3.0.1\scalactic_2.12-3.0.1.jar;F:\apps\maven\repository\org\mule\tests\plugin\mule-tests-component-plugin\4.1.0\mule-tests-component-plugin-4.1.0-mule-plugin.jar;F:\apps\maven\repository\org\mule\tests\plugin\mule-core-deprecated-schema-plugin\4.1.0\mule-core-deprecated-schema-plugin-4.1.0-mule-plugin.jar;F:\apps\maven\repository\org\mule\tests\mule-tests-functional\4.1.0\mule-tests-functional-4.1.0.jar;F:\apps\maven\repository\org\mule\runtime\mule-module-service\4.1.0\mule-module-service-4.1.0-tests.jar;F:\apps\maven\repository\org\mule\runtime\mule-module-artifact\4.1.0\mule-module-artifact-4.1.0-tests.jar;F:\apps\maven\repository\org\mule\tests\mule-tests-model\4.1.0\mule-tests-model-4.1.0.jar;F:\apps\maven\repository\org\mule\tests\mule-tests-runner\4.1.0\mule-tests-runner-4.1.0.jar;F:\apps\maven\repository\org\mule\mule-maven-client-api\1.1.0\mule-maven-client-api-1.1.0.jar;F:\apps\maven\repository\org\apache\maven\maven-model\3.3.9\maven-model-3.3.9.jar;F:\apps\maven\repository\org\codehaus\plexus\plexus-utils\3.0.24\plexus-utils-3.0.24.jar;F:\apps\maven\repository\org\mule\mule-maven-client-impl\1.1.0\mule-maven-client-impl-1.1.0.jar;F:\apps\maven\repository\com\vdurmont\semver4j\2.0.3\semver4j-2.0.3.jar;F:\apps\maven\repository\org\eclipse\aether\aether-api\1.0.2.v20150114\aether-api-1.0.2.v20150114.jar;F:\apps\maven\repository\org\eclipse\aether\aether-util\1.0.2.v20150114\aether-util-1.0.2.v20150114.jar;F:\apps\maven\repository\org\eclipse\aether\aether-connector-basic\1.0.2.v20150114\aether-connector-basic-1.0.2.v20150114.jar;F:\apps\maven\repository\org\eclipse\aether\aether-spi\1.0.2.v20150114\aether-spi-1.0.2.v20150114.jar;F:\apps\maven\repository\org\eclipse\aether\aether-transport-file\1.0.2.v20150114\aether-transport-file-1.0.2.v20150114.jar;F:\apps\maven\repository\org\eclipse\aether\aether-transport-http\1.0.2.v20150114\aether-transport-http-1.0.2.v20150114.jar;F:\apps\maven\repository\org\apache\httpcomponents\httpclient\4.5.4\httpclient-4.5.4.jar;F:\apps\maven\repository\org\apache\httpcomponents\httpcore\4.4.7\httpcore-4.4.7.jar;F:\apps\maven\repository\commons-codec\commons-codec\1.10\commons-codec-1.10.jar;F:\apps\maven\repository\org\apache\maven\maven-settings-builder\3.3.9\maven-settings-builder-3.3.9.jar;F:\apps\maven\repository\org\apache\maven\maven-builder-support\3.3.9\maven-builder-support-3.3.9.jar;F:\apps\maven\repository\org\codehaus\plexus\plexus-interpolation\1.21\plexus-interpolation-1.21.jar;F:\apps\maven\repository\org\codehaus\plexus\plexus-component-annotations\1.6\plexus-component-annotations-1.6.jar;F:\apps\maven\repository\org\apache\maven\maven-settings\3.3.9\maven-settings-3.3.9.jar;F:\apps\maven\repository\org\sonatype\plexus\plexus-sec-dispatcher\1.3\plexus-sec-dispatcher-1.3.jar;F:\apps\maven\repository\org\sonatype\plexus\plexus-cipher\1.4\plexus-cipher-1.4.jar;F:\apps\maven\repository\org\apache\maven\maven-aether-provider\3.3.9\maven-aether-provider-3.3.9.jar;F:\apps\maven\repository\org\apache\maven\maven-model-builder\3.3.9\maven-model-builder-3.3.9.jar;F:\apps\maven\repository\org\apache\maven\maven-artifact\3.3.9\maven-artifact-3.3.9.jar;F:\apps\maven\repository\org\apache\maven\maven-repository-metadata\3.3.9\maven-repository-metadata-3.3.9.jar;F:\apps\maven\repository\org\eclipse\aether\aether-impl\1.0.2.v20150114\aether-impl-1.0.2.v20150114.jar;F:\apps\maven\repository\com\beust\jcommander\1.69\jcommander-1.69.jar;F:\apps\maven\repository\junit\junit\4.12\junit-4.12.jar;F:\apps\maven\repository\org\mule\tests\mule-tests-unit\4.1.0\mule-tests-unit-4.1.0.jar;F:\apps\maven\repository\org\mule\runtime\mule-module-logging\4.1.0\mule-module-logging-4.1.0.jar;F:\apps\maven\repository\com\lmax\disruptor\3.3.7\disruptor-3.3.7.jar;F:\apps\maven\repository\org\apache\logging\log4j\log4j-api\2.10.0\log4j-api-2.10.0.jar;F:\apps\maven\repository\org\apache\logging\log4j\log4j-core\2.10.0\log4j-core-2.10.0.jar;F:\apps\maven\repository\org\apache\logging\log4j\log4j-slf4j-impl\2.10.0\log4j-slf4j-impl-2.10.0.jar;F:\apps\maven\repository\org\apache\logging\log4j\log4j-1.2-api\2.10.0\log4j-1.2-api-2.10.0.jar;F:\apps\maven\repository\org\slf4j\jcl-over-slf4j\1.7.25\jcl-over-slf4j-1.7.25.jar;F:\apps\maven\repository\org\slf4j\jul-to-slf4j\1.7.25\jul-to-slf4j-1.7.25.jar;F:\apps\maven\repository\org\mockito\mockito-core\1.10.19\mockito-core-1.10.19.jar;F:\apps\maven\repository\org\objenesis\objenesis\2.1\objenesis-2.1.jar;F:\apps\maven\repository\org\hamcrest\hamcrest-library\1.3\hamcrest-library-1.3.jar;F:\apps\maven\repository\org\hamcrest\hamcrest-core\1.3\hamcrest-core-1.3.jar;"/>
    <property name="sun.cpu.endian" value="little"/>
    <property name="user.home" value="C:\Users\sanjeev"/>
    <property name="user.language" value="en"/>
    <property name="java.specification.vendor" value="Oracle Corporation"/>
    <property name="java.home" value="C:\Program Files\Java\jdk1.8.0_144\jre"/>
    <property name="basedir" value="F:\projects\mulesoft\mule\sdk-extn\calculator110"/>
    <property name="file.separator" value="\"/>
    <property name="line.separator" value="&#10;"/>
    <property name="java.vm.specification.vendor" value="Oracle Corporation"/>
    <property name="java.specification.name" value="Java Platform API Specification"/>
    <property name="java.awt.graphicsenv" value="sun.awt.Win32GraphicsEnvironment"/>
    <property name="surefire.real.class.path" value="C:\Users\sanjeev\AppData\Local\Temp\surefire7831478843015095234\surefirebooter2085572782718320700.jar"/>
    <property name="sun.boot.class.path" value="C:\Program Files\Java\jdk1.8.0_144\jre\lib\resources.jar;C:\Program Files\Java\jdk1.8.0_144\jre\lib\rt.jar;C:\Program Files\Java\jdk1.8.0_144\jre\lib\sunrsasign.jar;C:\Program Files\Java\jdk1.8.0_144\jre\lib\jsse.jar;C:\Program Files\Java\jdk1.8.0_144\jre\lib\jce.jar;C:\Program Files\Java\jdk1.8.0_144\jre\lib\charsets.jar;C:\Program Files\Java\jdk1.8.0_144\jre\lib\jfr.jar;C:\Program Files\Java\jdk1.8.0_144\jre\classes"/>
    <property name="user.script" value=""/>
    <property name="sun.management.compiler" value="HotSpot 64-Bit Tiered Compilers"/>
    <property name="java.runtime.version" value="1.8.0_144-b01"/>
    <property name="user.name" value="sanjeev"/>
    <property name="path.separator" value=";"/>
    <property name="os.version" value="6.3"/>
    <property name="java.endorsed.dirs" value="C:\Program Files\Java\jdk1.8.0_144\jre\lib\endorsed"/>
    <property name="java.runtime.name" value="Java(TM) SE Runtime Environment"/>
    <property name="file.encoding" value="Cp1252"/>
    <property name="java.vm.name" value="Java HotSpot(TM) 64-Bit Server VM"/>
    <property name="localRepository" value="F:\apps\maven\repository"/>
    <property name="java.vendor.url.bug" value="http://bugreport.sun.com/bugreport/"/>
    <property name="java.io.tmpdir" value="C:\Users\sanjeev\AppData\Local\Temp\"/>
    <property name="java.version" value="1.8.0_144"/>
    <property name="user.dir" value="F:\projects\mulesoft\mule\sdk-extn\calculator110"/>
    <property name="os.arch" value="amd64"/>
    <property name="java.vm.specification.name" value="Java Virtual Machine Specification"/>
    <property name="java.awt.printerjob" value="sun.awt.windows.WPrinterJob"/>
    <property name="sun.os.patch.level" value=""/>
    <property name="java.library.path" value="C:\Program Files\Java\jdk1.8.0_144\jre\bin;C:\Windows\Sun\Java\bin;C:\Windows\system32;C:\Windows;F:\apps\Google\CloudSDK\google-cloud-sdk\bin;F:\apps\cmder\bin;F:\apps\cmder\vendor\conemu-maximus5\ConEmu\Scripts;F:\apps\cmder\vendor\conemu-maximus5;F:\apps\cmder\vendor\conemu-maximus5\ConEmu;C:\Program Files\Java\jdk1.8.0_144\bin;C:\Program Files (x86)\Common Files\Oracle\Java\javapath;E:\apps\gradle-4.2.1\bin;C:\ProgramData\Oracle\Java\javapath;C:\Windows\system32;C:\Windows;C:\Windows\System32\Wbem;C:\Windows\System32\WindowsPowerShell\v1.0\;C:\Program Files (x86)\ATI Technologies\ATI.ACE\Core-Static;C:\Program Files\Git\cmd;C:\Program Files (x86)\Skype\Phone\;C:\Program Files\TortoiseSVN\bin;F:\apps\nodejs\;F:\apps\Yarn\bin\;C:\Users\sanjeev\apps\kubernetes;F:\apps\maven\apache-maven-3.5.4\bin;C:\Program Files\Java\jdk1.8.0_144\bin;C:\Program Files (x86)\Common Files\Oracle\Java\javapath;E:\apps\gradle-4.2.1\bin;C:\ProgramData\Oracle\Java\javapath;C:\Windows\system32;C:\Windows;C:\Windows\System32\Wbem;C:\Windows\System32\WindowsPowerShell\v1.0\;C:\Program Files (x86)\ATI Technologies\ATI.ACE\Core-Static;C:\Program Files\Git\cmd;C:\Program Files (x86)\Skype\Phone\;C:\Program Files\TortoiseSVN\bin;F:\apps\nodejs\;F:\apps\Yarn\bin\;F:\apps\Docker Toolbox;C:\Users\sanjeev\AppData\Roaming\npm;C:\Users\sanjeev\AppData\Local\Yarn\bin;F:\apps\Heroku\bin;F:\apps\Google\CloudSDK\google-cloud-sdk\bin;C:\Program Files\Git\usr\bin;C:\Program Files\Git\usr\share\vim\vim74;F:\apps\cmder\;."/>
    <property name="java.vm.info" value="mixed mode"/>
    <property name="java.vendor" value="Oracle Corporation"/>
    <property name="java.vm.version" value="25.144-b01"/>
    <property name="java.ext.dirs" value="C:\Program Files\Java\jdk1.8.0_144\jre\lib\ext;C:\Windows\Sun\Java\lib\ext"/>
    <property name="sun.io.unicode.encoding" value="UnicodeLittle"/>
    <property name="java.class.version" value="52.0"/>
  </properties>
  <testcase name="executeRetrieveInfoOperation" classname="com.laxtech.extn.calc110.Calculator110OperationsTestCase" time="18.453"/>
  <testcase name="executeSayHiOperation" classname="com.laxtech.extn.calc110.Calculator110OperationsTestCase" time="6.969"/>
</testsuite>