<mule xmlns="http://www.mulesoft.org/schema/mule/core"
      xmlns:xsi="http://www.w3.org/2001/XMLSchema-instance"
      xmlns:soap-service-consumer="http://www.mulesoft.org/schema/mule/soap-service-consumer"
      xsi:schemaLocation="http://www.mulesoft.org/schema/mule/core http://www.mulesoft.org/schema/mule/core/current/mule.xsd
          http://www.mulesoft.org/schema/mule/soap-service-consumer http://www.mulesoft.org/schema/mule/soap-service-consumer/current/mule-soap-service-consumer.xsd">

<!--     <soap-service-consumer:config name="config" configId="configId">
    	<soap-service-consumer:soapClientConfig wsdlLocation="a" service="a" encoding="a" soapVersion="a" />
        <soap-service-consumer:connection requiredParameter="aValue" />
    </soap-service-consumer:config> 

    <flow name="sayHiFlow">
        <soap-service-consumer:say-hi person="Mariano Gonzalez"/>
    </flow>
    <flow name="retrieveInfoFlow">
        <soap-service-consumer:retrieve-info config-ref="config"/>
    </flow> -->

</mule>
